<?xml version="1.0" encoding="UTF-8" ?>
<testsuite tests="5" failures="0" name="loginfunction.RunCucumberTest" time="43.322" errors="0" skipped="0">
  <properties>
[...]
</properties>
  <testcase classname="login function, as the potential user, i can login to system successfully" name="User login to system successfully" time="12.721"/>
  <testcase classname="login function, as the potential user, i can login to system successfully" name="login unsuccessfully: wrong company name" time="6.444"/>
  <testcase classname="login function, as the potential user, i can login to system successfully" name="login unsuccessfully: wrong username and password" time="8.037"/>
  <testcase classname="login function, as the potential user, i can login to system successfully" name="login unsuccessfully: wrong username and password" time="7.08"/>
  <testcase classname="login function, as the potential user, i can login to system successfully" name="login unsuccessfully: wrong OTP" time="9.04"/>
</testsuite>